<?xml version="1.0" encoding="UTF-8"?>
<testng-results ignored="0" total="1" passed="1" failed="0" skipped="0">
  <reporter-output>
  </reporter-output>
  <suite started-at="2025-11-28T14:15:53 IST" name="Suite" finished-at="2025-11-28T14:16:20 IST" duration-ms="26361">
    <groups>
    </groups>
    <test started-at="2025-11-28T14:15:53 IST" name="Test" finished-at="2025-11-28T14:16:20 IST" duration-ms="26361">
      <class name="com.DemoWebShop_TestScripts.Tc_001_Verify_User_Is_Able_to_Add__Address_or_Not_Test">
        <test-method is-config="true" signature="beforeSuite()[pri:0, instance:com.DemoWebShop_TestScripts.Tc_001_Verify_User_Is_Able_to_Add__Address_or_Not_Test@3857f613]" started-at="2025-11-28T14:15:53 IST" name="beforeSuite" finished-at="2025-11-28T14:15:53 IST" duration-ms="20" status="PASS">
          <reporter-output>
          </reporter-output>
        </test-method> <!-- beforeSuite -->
        <test-method is-config="true" signature="beforeTest()[pri:0, instance:com.DemoWebShop_TestScripts.Tc_001_Verify_User_Is_Able_to_Add__Address_or_Not_Test@3857f613]" started-at="2025-11-28T14:15:53 IST" name="beforeTest" finished-at="2025-11-28T14:15:54 IST" duration-ms="491" status="PASS">
          <reporter-output>
          </reporter-output>
        </test-method> <!-- beforeTest -->
        <test-method is-config="true" signature="beforeClass()[pri:0, instance:com.DemoWebShop_TestScripts.Tc_001_Verify_User_Is_Able_to_Add__Address_or_Not_Test@3857f613]" started-at="2025-11-28T14:15:54 IST" name="beforeClass" finished-at="2025-11-28T14:16:00 IST" duration-ms="6414" status="PASS">
          <reporter-output>
          </reporter-output>
        </test-method> <!-- beforeClass -->
        <test-method is-config="true" signature="beforeMethod()[pri:0, instance:com.DemoWebShop_TestScripts.Tc_001_Verify_User_Is_Able_to_Add__Address_or_Not_Test@3857f613]" started-at="2025-11-28T14:16:00 IST" name="beforeMethod" finished-at="2025-11-28T14:16:03 IST" duration-ms="2226" status="PASS">
          <reporter-output>
          </reporter-output>
        </test-method> <!-- beforeMethod -->
        <test-method signature="addAddress()[pri:0, instance:com.DemoWebShop_TestScripts.Tc_001_Verify_User_Is_Able_to_Add__Address_or_Not_Test@3857f613]" started-at="2025-11-28T14:16:03 IST" name="addAddress" finished-at="2025-11-28T14:16:15 IST" duration-ms="12208" status="PASS">
          <reporter-output>
          </reporter-output>
        </test-method> <!-- addAddress -->
        <test-method is-config="true" signature="afterMethod()[pri:0, instance:com.DemoWebShop_TestScripts.Tc_001_Verify_User_Is_Able_to_Add__Address_or_Not_Test@3857f613]" started-at="2025-11-28T14:16:15 IST" name="afterMethod" finished-at="2025-11-28T14:16:16 IST" duration-ms="979" status="PASS">
          <reporter-output>
          </reporter-output>
        </test-method> <!-- afterMethod -->
        <test-method is-config="true" signature="afterClass()[pri:0, instance:com.DemoWebShop_TestScripts.Tc_001_Verify_User_Is_Able_to_Add__Address_or_Not_Test@3857f613]" started-at="2025-11-28T14:16:16 IST" name="afterClass" finished-at="2025-11-28T14:16:19 IST" duration-ms="3467" status="PASS">
          <reporter-output>
          </reporter-output>
        </test-method> <!-- afterClass -->
        <test-method is-config="true" signature="afterTest()[pri:0, instance:com.DemoWebShop_TestScripts.Tc_001_Verify_User_Is_Able_to_Add__Address_or_Not_Test@3857f613]" started-at="2025-11-28T14:16:19 IST" name="afterTest" finished-at="2025-11-28T14:16:20 IST" duration-ms="492" status="PASS">
          <reporter-output>
          </reporter-output>
        </test-method> <!-- afterTest -->
        <test-method is-config="true" signature="afterSuite()[pri:0, instance:com.DemoWebShop_TestScripts.Tc_001_Verify_User_Is_Able_to_Add__Address_or_Not_Test@3857f613]" started-at="2025-11-28T14:16:20 IST" name="afterSuite" finished-at="2025-11-28T14:16:20 IST" duration-ms="2" status="PASS">
          <reporter-output>
          </reporter-output>
        </test-method> <!-- afterSuite -->
      </class> <!-- com.DemoWebShop_TestScripts.Tc_001_Verify_User_Is_Able_to_Add__Address_or_Not_Test -->
    </test> <!-- Test -->
  </suite> <!-- Suite -->
</testng-results>
